2016/09/14 01:21:35 INFO: User logged in successfully
-----------------------------------------------------
2016/09/14 01:22:50 INFO: User logged in successfully
-----------------------------------------------------
2016/09/14 01:23:10 INFO: User logged in successfully
-----------------------------------------------------
2016/09/14 01:24:00 INFO: User logged in successfully
-----------------------------------------------------
2016/09/14 01:28:16 INFO: User logged in successfully
-----------------------------------------------------
2016/09/14 01:28:23 INFO: User logged in successfully
-----------------------------------------------------
2016/09/14 01:28:34 INFO: User logged in successfully
-----------------------------------------------------
2016/09/14 01:29:17 INFO: User logged in successfully
-----------------------------------------------------
2016/09/14 01:35:02 INFO: User logged in successfully
-----------------------------------------------------
2016/09/14 01:35:09 INFO: User logged in successfully
-----------------------------------------------------
2016/09/14 01:37:02 INFO: User logged in successfully
-----------------------------------------------------
2016/09/14 01:37:04 INFO: User logged in successfully
-----------------------------------------------------
2016/09/14 01:37:09 INFO: User logged in successfully
-----------------------------------------------------
2016/09/14 01:37:15 INFO: User logged in successfully
-----------------------------------------------------
2016/09/14 03:03:20 INFO: User guest in successfully
-----------------------------------------------------
2016/09/14 03:03:22 INFO: User  failed
-----------------------------------------------------
2016/09/14 03:03:31 INFO: User guest in successfully
-----------------------------------------------------
2016/09/14 03:03:38 INFO: User  failed
-----------------------------------------------------
2016/09/14 03:03:40 INFO: User joe failed
-----------------------------------------------------
2016/09/14 03:03:48 INFO: User Joe failed
-----------------------------------------------------
2016/09/14 03:03:53 INFO: User joe failed
-----------------------------------------------------
2016/09/14 03:04:00 INFO: User guest in successfully
-----------------------------------------------------
2016/09/14 03:04:05 INFO: User  failed
-----------------------------------------------------
2016/09/14 03:04:07 INFO: User joe failed
-----------------------------------------------------
2016/09/14 03:04:36 INFO: User guest in successfully
-----------------------------------------------------
2016/09/14 03:04:38 INFO: User  failed
-----------------------------------------------------
2016/09/14 03:05:17 INFO: User joe failed
-----------------------------------------------------
2016/09/14 03:05:23 INFO: User joe failed
-----------------------------------------------------
2016/09/14 03:05:29 INFO: User Joe failed
-----------------------------------------------------
2016/09/14 03:05:37 INFO: User guest in successfully
-----------------------------------------------------
2016/09/14 03:05:47 INFO: User  failed
-----------------------------------------------------
2016/09/14 03:07:55 INFO: User guest in successfully
-----------------------------------------------------
2016/09/14 03:08:08 INFO: User Joe failed
-----------------------------------------------------
