2016/09/14 10:41:31 INFO: User guest in successfully
-----------------------------------------------------
2016/09/14 10:43:07 INFO: User guest in successfully
-----------------------------------------------------
2016/09/14 10:43:53 INFO: User guest in successfully
-----------------------------------------------------
2016/09/14 10:46:02 INFO: User guest in successfully
-----------------------------------------------------
2016/09/14 10:46:12 INFO: User Joe failed
-----------------------------------------------------
2016/09/15 09:16:50 INFO: User guest in successfully
-----------------------------------------------------
2016/09/15 09:25:12 INFO: User guest failed
-----------------------------------------------------
2016/09/15 09:32:32 INFO: User  failed
-----------------------------------------------------
2016/09/15 09:33:07 INFO: User guest failed
-----------------------------------------------------
2016/09/15 09:33:10 INFO: User guest in successfully
-----------------------------------------------------
2016/09/15 09:35:44 INFO: User guest in successfully
-----------------------------------------------------
